<?xml version="1.0" encoding="UTF-8"?>
<!-- Generated by org.testng.reporters.JUnitXMLReporter -->
<testsuite ignored="0" hostname="LAPTOP-VIJ7KV3T" failures="0" tests="3" name="Default test" time="0.046" errors="0" timestamp="2023-03-02T17:00:11 IST">
  <testcase classname="seleniumtests.TestNg2" name="testng2method" time="0.006"/>
  <testcase classname="seleniumtests.TestNg2" name="testng2method" time="0.0"/>
  <testcase classname="seleniumtests.TestNg2" name="testng2method" time="0.0"/>
</testsuite> <!-- Default test -->
