<?xml version="1.0" encoding="UTF-8"?>
<!-- Generated by org.testng.reporters.JUnitXMLReporter -->
<testsuite ignored="1" hostname="LAPTOP-VIJ7KV3T" failures="0" tests="2" name="Test" time="3.61" errors="0" timestamp="2023-03-02T16:50:14 IST">
  <testcase classname="seleniumtests.TestNg2" name="testng2method" time="0.007"/>
  <testcase classname="seleniumtests.Testng1" name="addTocart" time="1.752"/>
  <testcase classname="seleniumtests.Testng1" name="verifyMycart" time="0.0">
    <ignored/>
  </testcase> <!-- verifyMycart -->
</testsuite> <!-- Test -->
