<?xml version="1.0" encoding="UTF-8"?>
<testng-results ignored="0" total="3" passed="3" failed="0" skipped="0">
  <reporter-output>
  </reporter-output>
  <suite started-at="2023-03-02T17:00:11 IST" name="Default suite" finished-at="2023-03-02T17:00:11 IST" duration-ms="46">
    <groups>
    </groups>
    <test started-at="2023-03-02T17:00:11 IST" name="Default test" finished-at="2023-03-02T17:00:11 IST" duration-ms="46">
      <class name="seleniumtests.TestNg2">
        <test-method signature="testng2method(java.lang.String)[pri:0, instance:seleniumtests.TestNg2@3b6ddd1d]" started-at="2023-03-02T17:00:11 IST" name="testng2method" data-provider="mydata" finished-at="2023-03-02T17:00:11 IST" duration-ms="6" status="PASS">
          <params>
            <param index="0">
              <value>
                <![CDATA[data1]]>
              </value>
            </param>
          </params>
          <reporter-output>
          </reporter-output>
        </test-method> <!-- testng2method -->
        <test-method signature="testng2method(java.lang.String)[pri:0, instance:seleniumtests.TestNg2@3b6ddd1d]" started-at="2023-03-02T17:00:11 IST" name="testng2method" data-provider="mydata" finished-at="2023-03-02T17:00:11 IST" duration-ms="0" status="PASS">
          <params>
            <param index="0">
              <value>
                <![CDATA[data2]]>
              </value>
            </param>
          </params>
          <reporter-output>
          </reporter-output>
        </test-method> <!-- testng2method -->
        <test-method signature="testng2method(java.lang.String)[pri:0, instance:seleniumtests.TestNg2@3b6ddd1d]" started-at="2023-03-02T17:00:11 IST" name="testng2method" data-provider="mydata" finished-at="2023-03-02T17:00:11 IST" duration-ms="0" status="PASS">
          <params>
            <param index="0">
              <value>
                <![CDATA[data1]]>
              </value>
            </param>
          </params>
          <reporter-output>
          </reporter-output>
        </test-method> <!-- testng2method -->
      </class> <!-- seleniumtests.TestNg2 -->
    </test> <!-- Default test -->
  </suite> <!-- Default suite -->
</testng-results>
